<?xml version="1.0" encoding="UTF-8" ?>
<testsuite tests="42" failures="0" name="RunnerClass.TestRunner" time="1.704" errors="2" skipped="37">
  <properties>
[...]
</properties>
  <testcase classname="Scenario: Verify registration of Small Yes" name="Given the user is on the login page of &quot;Case Handling System&quot; application" time="0"/>
  <testcase classname="Scenario: Verify registration of Small Yes" name="When the user enters &quot;UserName&quot; in the &quot;Microsoft UserName&quot; textbox" time="0"/>
  <testcase classname="Scenario: Verify registration of Small Yes" name="When the user clicks on the &quot;Microsoft Next&quot; button" time="0"/>
  <testcase classname="Scenario: Verify registration of Small Yes" name="Then the &quot;CHS Homepage&quot; should be displayed" time="0.008">
    <error message="no such element: Unable to locate element: {&quot;method&quot;:&quot;xpath&quot;,&quot;selector&quot;:&quot;.//*[text()=&apos;Customer Service Agent Dashboard&apos;]&quot;}
  (Session info: chrome=85.0.4183.83)
For documentation on this error, please visit: http://seleniumhq.org/exceptions/no_such_element.html
Build info: version: &apos;3.7.0&apos;, revision: &apos;2321c73&apos;, time: &apos;2017-11-02T22:22:35.584Z&apos;
System info: host: &apos;PCLIWAPP0068&apos;, ip: &apos;10.183.12.190&apos;, os.name: &apos;Windows 10&apos;, os.arch: &apos;amd64&apos;, os.version: &apos;10.0&apos;, java.version: &apos;1.8.0_251&apos;
Driver info: org.openqa.selenium.chrome.ChromeDriver
Capabilities {acceptInsecureCerts: false, browserName: chrome, browserVersion: 85.0.4183.83, chrome: {chromedriverVersion: 84.0.4147.30 (48b3e868b4cc0..., userDataDir: C:\Users\m81079\AppData\Loc...}, goog:chromeOptions: {debuggerAddress: localhost:63774}, javascriptEnabled: true, networkConnectionEnabled: false, pageLoadStrategy: normal, platform: WINDOWS, platformName: WINDOWS, proxy: Proxy(), setWindowRect: true, strictFileInteractability: false, timeouts: {implicit: 0, pageLoad: 300000, script: 30000}, unhandledPromptBehavior: dismiss and notify, webauthn:virtualAuthenticators: true}
Session ID: 4fae09258ad0bdd359d09c98a44bb64b
*** Element info: {Using=xpath, value=.//*[text()=&apos;Customer Service Agent Dashboard&apos;]}" type="org.openqa.selenium.NoSuchElementException">org.openqa.selenium.NoSuchElementException: no such element: Unable to locate element: {&quot;method&quot;:&quot;xpath&quot;,&quot;selector&quot;:&quot;.//*[text()=&apos;Customer Service Agent Dashboard&apos;]&quot;}
  (Session info: chrome=85.0.4183.83)
For documentation on this error, please visit: http://seleniumhq.org/exceptions/no_such_element.html
Build info: version: &apos;3.7.0&apos;, revision: &apos;2321c73&apos;, time: &apos;2017-11-02T22:22:35.584Z&apos;
System info: host: &apos;PCLIWAPP0068&apos;, ip: &apos;10.183.12.190&apos;, os.name: &apos;Windows 10&apos;, os.arch: &apos;amd64&apos;, os.version: &apos;10.0&apos;, java.version: &apos;1.8.0_251&apos;
Driver info: org.openqa.selenium.chrome.ChromeDriver
Capabilities {acceptInsecureCerts: false, browserName: chrome, browserVersion: 85.0.4183.83, chrome: {chromedriverVersion: 84.0.4147.30 (48b3e868b4cc0..., userDataDir: C:\Users\m81079\AppData\Loc...}, goog:chromeOptions: {debuggerAddress: localhost:63774}, javascriptEnabled: true, networkConnectionEnabled: false, pageLoadStrategy: normal, platform: WINDOWS, platformName: WINDOWS, proxy: Proxy(), setWindowRect: true, strictFileInteractability: false, timeouts: {implicit: 0, pageLoad: 300000, script: 30000}, unhandledPromptBehavior: dismiss and notify, webauthn:virtualAuthenticators: true}
Session ID: 4fae09258ad0bdd359d09c98a44bb64b
*** Element info: {Using=xpath, value=.//*[text()=&apos;Customer Service Agent Dashboard&apos;]}
	at sun.reflect.NativeConstructorAccessorImpl.newInstance0(Native Method)
	at sun.reflect.NativeConstructorAccessorImpl.newInstance(NativeConstructorAccessorImpl.java:62)
	at sun.reflect.DelegatingConstructorAccessorImpl.newInstance(DelegatingConstructorAccessorImpl.java:45)
	at java.lang.reflect.Constructor.newInstance(Constructor.java:423)
	at org.openqa.selenium.remote.http.W3CHttpResponseCodec.createException(W3CHttpResponseCodec.java:187)
	at org.openqa.selenium.remote.http.W3CHttpResponseCodec.decode(W3CHttpResponseCodec.java:122)
	at org.openqa.selenium.remote.http.W3CHttpResponseCodec.decode(W3CHttpResponseCodec.java:49)
	at org.openqa.selenium.remote.HttpCommandExecutor.execute(HttpCommandExecutor.java:164)
	at org.openqa.selenium.remote.service.DriverCommandExecutor.execute(DriverCommandExecutor.java:83)
	at org.openqa.selenium.remote.RemoteWebDriver.execute(RemoteWebDriver.java:600)
	at org.openqa.selenium.remote.RemoteWebDriver.findElement(RemoteWebDriver.java:370)
	at org.openqa.selenium.remote.RemoteWebDriver.findElementByXPath(RemoteWebDriver.java:472)
	at org.openqa.selenium.By$ByXPath.findElement(By.java:361)
	at org.openqa.selenium.remote.RemoteWebDriver.findElement(RemoteWebDriver.java:362)
	at ReusableFunctions.Reusable.waitForelement(Reusable.java:298)
	at ReusableFunctions.Reusable.getElement(Reusable.java:250)
	at SeleniumGlueCode.Address.the_should_be_displayed(Address.java:147)
	at ✽.Then the &quot;CHS Homepage&quot; should be displayed(1.Cases.feature:16)
</error>
    <system-out>XPATH is .//*[text()=&apos;Customer Service Agent Dashboard&apos;]
</system-out>
  </testcase>
  <testcase classname="Scenario: Verify registration of Small Yes" name="Scenario: Verify registration of Small Yes" time="0.009">
    <error message="no such element: Unable to locate element: {&quot;method&quot;:&quot;xpath&quot;,&quot;selector&quot;:&quot;.//*[text()=&apos;Customer Service Agent Dashboard&apos;]&quot;}
  (Session info: chrome=85.0.4183.83)
For documentation on this error, please visit: http://seleniumhq.org/exceptions/no_such_element.html
Build info: version: &apos;3.7.0&apos;, revision: &apos;2321c73&apos;, time: &apos;2017-11-02T22:22:35.584Z&apos;
System info: host: &apos;PCLIWAPP0068&apos;, ip: &apos;10.183.12.190&apos;, os.name: &apos;Windows 10&apos;, os.arch: &apos;amd64&apos;, os.version: &apos;10.0&apos;, java.version: &apos;1.8.0_251&apos;
Driver info: org.openqa.selenium.chrome.ChromeDriver
Capabilities {acceptInsecureCerts: false, browserName: chrome, browserVersion: 85.0.4183.83, chrome: {chromedriverVersion: 84.0.4147.30 (48b3e868b4cc0..., userDataDir: C:\Users\m81079\AppData\Loc...}, goog:chromeOptions: {debuggerAddress: localhost:63774}, javascriptEnabled: true, networkConnectionEnabled: false, pageLoadStrategy: normal, platform: WINDOWS, platformName: WINDOWS, proxy: Proxy(), setWindowRect: true, strictFileInteractability: false, timeouts: {implicit: 0, pageLoad: 300000, script: 30000}, unhandledPromptBehavior: dismiss and notify, webauthn:virtualAuthenticators: true}
Session ID: 4fae09258ad0bdd359d09c98a44bb64b
*** Element info: {Using=xpath, value=.//*[text()=&apos;Customer Service Agent Dashboard&apos;]}" type="org.openqa.selenium.NoSuchElementException">org.openqa.selenium.NoSuchElementException: no such element: Unable to locate element: {&quot;method&quot;:&quot;xpath&quot;,&quot;selector&quot;:&quot;.//*[text()=&apos;Customer Service Agent Dashboard&apos;]&quot;}
  (Session info: chrome=85.0.4183.83)
For documentation on this error, please visit: http://seleniumhq.org/exceptions/no_such_element.html
Build info: version: &apos;3.7.0&apos;, revision: &apos;2321c73&apos;, time: &apos;2017-11-02T22:22:35.584Z&apos;
System info: host: &apos;PCLIWAPP0068&apos;, ip: &apos;10.183.12.190&apos;, os.name: &apos;Windows 10&apos;, os.arch: &apos;amd64&apos;, os.version: &apos;10.0&apos;, java.version: &apos;1.8.0_251&apos;
Driver info: org.openqa.selenium.chrome.ChromeDriver
Capabilities {acceptInsecureCerts: false, browserName: chrome, browserVersion: 85.0.4183.83, chrome: {chromedriverVersion: 84.0.4147.30 (48b3e868b4cc0..., userDataDir: C:\Users\m81079\AppData\Loc...}, goog:chromeOptions: {debuggerAddress: localhost:63774}, javascriptEnabled: true, networkConnectionEnabled: false, pageLoadStrategy: normal, platform: WINDOWS, platformName: WINDOWS, proxy: Proxy(), setWindowRect: true, strictFileInteractability: false, timeouts: {implicit: 0, pageLoad: 300000, script: 30000}, unhandledPromptBehavior: dismiss and notify, webauthn:virtualAuthenticators: true}
Session ID: 4fae09258ad0bdd359d09c98a44bb64b
*** Element info: {Using=xpath, value=.//*[text()=&apos;Customer Service Agent Dashboard&apos;]}
	at sun.reflect.NativeConstructorAccessorImpl.newInstance0(Native Method)
	at sun.reflect.NativeConstructorAccessorImpl.newInstance(NativeConstructorAccessorImpl.java:62)
	at sun.reflect.DelegatingConstructorAccessorImpl.newInstance(DelegatingConstructorAccessorImpl.java:45)
	at java.lang.reflect.Constructor.newInstance(Constructor.java:423)
	at org.openqa.selenium.remote.http.W3CHttpResponseCodec.createException(W3CHttpResponseCodec.java:187)
	at org.openqa.selenium.remote.http.W3CHttpResponseCodec.decode(W3CHttpResponseCodec.java:122)
	at org.openqa.selenium.remote.http.W3CHttpResponseCodec.decode(W3CHttpResponseCodec.java:49)
	at org.openqa.selenium.remote.HttpCommandExecutor.execute(HttpCommandExecutor.java:164)
	at org.openqa.selenium.remote.service.DriverCommandExecutor.execute(DriverCommandExecutor.java:83)
	at org.openqa.selenium.remote.RemoteWebDriver.execute(RemoteWebDriver.java:600)
	at org.openqa.selenium.remote.RemoteWebDriver.findElement(RemoteWebDriver.java:370)
	at org.openqa.selenium.remote.RemoteWebDriver.findElementByXPath(RemoteWebDriver.java:472)
	at org.openqa.selenium.By$ByXPath.findElement(By.java:361)
	at org.openqa.selenium.remote.RemoteWebDriver.findElement(RemoteWebDriver.java:362)
	at ReusableFunctions.Reusable.waitForelement(Reusable.java:298)
	at ReusableFunctions.Reusable.getElement(Reusable.java:250)
	at SeleniumGlueCode.Address.the_should_be_displayed(Address.java:147)
	at ✽.Then the &quot;CHS Homepage&quot; should be displayed(1.Cases.feature:16)
</error>
  </testcase>
  <testcase classname="Scenario: Verify registration of Small Yes" name="When the user clicks on the &quot;Addresses&quot; button" time="0.019">
    <skipped/>
  </testcase>
  <testcase classname="Scenario: Verify registration of Small Yes" name="Then the &quot;Aktive Adresser Page&quot; should be displayed" time="0.021">
    <skipped/>
  </testcase>
  <testcase classname="Scenario: Verify registration of Small Yes" name="When the user enters &quot;Address&quot; in the &quot;Search this View&quot; textbox" time="0.023">
    <skipped/>
  </testcase>
  <testcase classname="Scenario: Verify registration of Small Yes" name="And the user clicks on the &quot;Search&quot; button" time="0.026">
    <skipped/>
  </testcase>
  <testcase classname="Scenario: Verify registration of Small Yes" name="Then the &quot;Searched Address&quot; with text &quot;Address&quot; should be displayed" time="0.028">
    <skipped/>
  </testcase>
  <testcase classname="Scenario: Verify registration of Small Yes" name="When the user clicks on the &quot;Searched Address&quot; button" time="0.029">
    <skipped/>
  </testcase>
  <testcase classname="Scenario: Verify registration of Small Yes" name="Then the &quot;Address Page&quot; with text &quot;Address&quot; should be displayed" time="0.03">
    <skipped/>
  </testcase>
  <testcase classname="Scenario: Verify registration of Small Yes" name="And the value of &quot;Installation Address&quot; should be &quot;Address&quot;" time="0.033">
    <skipped/>
  </testcase>
  <testcase classname="Scenario: Verify registration of Small Yes" name="And the &quot;Primary Contact&quot; with text &quot;ContactName&quot; should be displayed" time="0.034">
    <skipped/>
  </testcase>
  <testcase classname="Scenario: Verify registration of Small Yes" name="When the user clicks on the &quot;Cases&quot; button" time="0.035">
    <skipped/>
  </testcase>
  <testcase classname="Scenario: Verify registration of Small Yes" name="Then the &quot;Cases Page&quot; should be displayed" time="0.036">
    <skipped/>
  </testcase>
  <testcase classname="Scenario: Verify registration of Small Yes" name="When the user clicks on the &quot;New Case&quot; button" time="0.037">
    <skipped/>
  </testcase>
  <testcase classname="Scenario: Verify registration of Small Yes" name="Then the &quot;New Case Page&quot; should be displayed" time="0.039">
    <skipped/>
  </testcase>
  <testcase classname="Scenario: Verify registration of Small Yes" name="When the user enters &quot;Address&quot; in the &quot;Adresse&quot; Itextbox" time="0.04">
    <skipped/>
  </testcase>
  <testcase classname="Scenario: Verify registration of Small Yes" name="And the user allows &quot;1&quot; seconds to load the &quot;Adresse Searched Result&quot;" time="0.041">
    <skipped/>
  </testcase>
  <testcase classname="Scenario: Verify registration of Small Yes" name="Then the user clicks on the &quot;Adresse Searched Result&quot; Ibutton" time="0.042">
    <skipped/>
  </testcase>
  <testcase classname="Scenario: Verify registration of Small Yes" name="When the user enters &quot;ContactName&quot; in the &quot;Contact&quot; textbox" time="0.043">
    <skipped/>
  </testcase>
  <testcase classname="Scenario: Verify registration of Small Yes" name="And the user allows &quot;2&quot; seconds to load the &quot;Contact Searched Result&quot;" time="0.044">
    <skipped/>
  </testcase>
  <testcase classname="Scenario: Verify registration of Small Yes" name="Then the user clicks on the &quot;Contact Searched Result&quot; button" time="0.045">
    <skipped/>
  </testcase>
  <testcase classname="Scenario: Verify registration of Small Yes" name="When the user enters &quot;DepartmentName&quot; in the &quot;Department&quot; textbox and then clicks on the &quot;Search&quot; button" time="0.046">
    <skipped/>
  </testcase>
  <testcase classname="Scenario: Verify registration of Small Yes" name="And the user again clicks on &quot;Search&quot; if &quot;Department Searched Result&quot; is not visible" time="0.048">
    <skipped/>
  </testcase>
  <testcase classname="Scenario: Verify registration of Small Yes" name="And the user allows &quot;2&quot; seconds to load the &quot;Contact Searched Result&quot;" time="0.048">
    <skipped/>
  </testcase>
  <testcase classname="Scenario: Verify registration of Small Yes" name="Then the user clicks on the &quot;Department Searched Result&quot; button" time="0.051">
    <skipped/>
  </testcase>
  <testcase classname="Scenario: Verify registration of Small Yes" name="When the user enters &quot;Kundeservice Subject Name&quot; in the &quot;Subject&quot; textbox and then clicks on the &quot;Search&quot; button" time="0.052">
    <skipped/>
  </testcase>
  <testcase classname="Scenario: Verify registration of Small Yes" name="And the user again clicks on &quot;Search&quot; if &quot;Subject Searched Result&quot; is not visible" time="0.054">
    <skipped/>
  </testcase>
  <testcase classname="Scenario: Verify registration of Small Yes" name="And the user allows &quot;2&quot; seconds to load the &quot;Contact Searched Result&quot;" time="0.054">
    <skipped/>
  </testcase>
  <testcase classname="Scenario: Verify registration of Small Yes" name="Then the user clicks on the &quot;Subject Searched Result&quot; button" time="0.056">
    <skipped/>
  </testcase>
  <testcase classname="Scenario: Verify registration of Small Yes" name="And the user enters &quot;-Register Small Yes&quot; in the &quot;Description&quot; textbox" time="0.059">
    <skipped/>
  </testcase>
  <testcase classname="Scenario: Verify registration of Small Yes" name="When the user clicks on the &quot;Save&quot; button" time="0.06">
    <skipped/>
  </testcase>
  <testcase classname="Scenario: Verify registration of Small Yes" name="And the &quot;General Information Contact Name&quot; with text &quot;ContactName&quot; should be displayed" time="0.06">
    <skipped/>
  </testcase>
  <testcase classname="Scenario: Verify registration of Small Yes" name="And the user allows &quot;2&quot; seconds to load the &quot;Result&quot;" time="0.061">
    <skipped/>
  </testcase>
  <testcase classname="Scenario: Verify registration of Small Yes" name="And the user notes the below mention fields for further evaluation" time="0.064">
    <skipped/>
  </testcase>
  <testcase classname="Scenario: Verify registration of Small Yes" name="And the user allows &quot;3&quot; seconds to load the &quot;Result&quot;" time="0.064">
    <skipped/>
  </testcase>
  <testcase classname="Scenario: Verify registration of Small Yes" name="When the user clicks on the &quot;Address Information&quot; button" time="0.064">
    <skipped/>
  </testcase>
  <testcase classname="Scenario: Verify registration of Small Yes" name="Then the &quot;Fibernet Availability&quot; with text &quot;-Fiber possible&quot; should be displayed" time="0.066">
    <skipped/>
  </testcase>
  <testcase classname="Scenario: Verify registration of Small Yes" name="When the user clicks on the &quot;Register Small Yes Button&quot; button" time="0.067">
    <skipped/>
  </testcase>
  <testcase classname="Scenario: Verify registration of Small Yes" name="Then the &quot;Registration send to Agilic&quot; should be displayed" time="0.068">
    <skipped/>
  </testcase>
</testsuite>